  ribatskaya buhta.cpp
D:\CODING\mocha\c++\ribatskaya buhta\ribatskaya buhta\ribatskaya buhta.cpp(100,83): error C2676: бинарный "+": "std::basic_string<char,std::char_traits<char>,std::allocator<char>>" не определяет этот оператор или преобразование к типу приемлемо к встроенному оператору
  D:\CODING\visual studio\VC\Tools\MSVC\14.39.33519\include\xstring(5034,62):
  может быть "std::basic_string<_Elem,_Traits,_Alloc> std::operator +(std::basic_string<_Elem,_Traits,_Alloc> &&,const _Elem)"
  	D:\CODING\mocha\c++\ribatskaya buhta\ribatskaya buhta\ribatskaya buhta.cpp(100,54):
  	"std::basic_string<_Elem,_Traits,_Alloc> std::operator +(std::basic_string<_Elem,_Traits,_Alloc> &&,const _Elem)": в шаблон параметр "_Elem" неоднозначен
  		D:\CODING\mocha\c++\ribatskaya buhta\ribatskaya buhta\ribatskaya buhta.cpp(100,54):
  		может быть "int"
  		D:\CODING\mocha\c++\ribatskaya buhta\ribatskaya buhta\ribatskaya buhta.cpp(100,54):
  		или       "char"
  	D:\CODING\mocha\c++\ribatskaya buhta\ribatskaya buhta\ribatskaya buhta.cpp(100,54):
  	'std::basic_string<_Elem,_Traits,_Alloc> std::operator +(std::basic_string<_Elem,_Traits,_Alloc> &&,const _Elem)': не удалось вывести аргумент шаблон для 'const _Elem' из 'int'
  D:\CODING\visual studio\VC\Tools\MSVC\14.39.33519\include\xstring(5028,62):
  или       "std::basic_string<_Elem,_Traits,_Alloc> std::operator +(std::basic_string<_Elem,_Traits,_Alloc> &&,const _Elem *const )"
  	D:\CODING\mocha\c++\ribatskaya buhta\ribatskaya buhta\ribatskaya buhta.cpp(100,54):
  	'std::basic_string<_Elem,_Traits,_Alloc> std::operator +(std::basic_string<_Elem,_Traits,_Alloc> &&,const _Elem *const )': не удалось вывести аргумент шаблон для 'const _Elem *const ' из 'int'
  D:\CODING\visual studio\VC\Tools\MSVC\14.39.33519\include\xstring(5022,62):
  или       "std::basic_string<_Elem,_Traits,_Alloc> std::operator +(const _Elem,std::basic_string<_Elem,_Traits,_Alloc> &&)"
  	D:\CODING\mocha\c++\ribatskaya buhta\ribatskaya buhta\ribatskaya buhta.cpp(100,54):
  	'std::basic_string<_Elem,_Traits,_Alloc> std::operator +(const _Elem,std::basic_string<_Elem,_Traits,_Alloc> &&)': не удалось вывести аргумент шаблон для 'std::basic_string<_Elem,_Traits,_Alloc> &&' из 'int'
  D:\CODING\visual studio\VC\Tools\MSVC\14.39.33519\include\xstring(5016,62):
  или       "std::basic_string<_Elem,_Traits,_Alloc> std::operator +(const _Elem *const ,std::basic_string<_Elem,_Traits,_Alloc> &&)"
  	D:\CODING\mocha\c++\ribatskaya buhta\ribatskaya buhta\ribatskaya buhta.cpp(100,54):
  	'std::basic_string<_Elem,_Traits,_Alloc> std::operator +(const _Elem *const ,std::basic_string<_Elem,_Traits,_Alloc> &&)': не удалось вывести аргумент шаблон для 'const _Elem *const ' из 'std::basic_string<char,std::char_traits<char>,std::allocator<char>>'
  D:\CODING\visual studio\VC\Tools\MSVC\14.39.33519\include\xstring(5003,62):
  или       "std::basic_string<_Elem,_Traits,_Alloc> std::operator +(std::basic_string<_Elem,_Traits,_Alloc> &&,std::basic_string<_Elem,_Traits,_Alloc> &&)"
  	D:\CODING\mocha\c++\ribatskaya buhta\ribatskaya buhta\ribatskaya buhta.cpp(100,54):
  	'std::basic_string<_Elem,_Traits,_Alloc> std::operator +(std::basic_string<_Elem,_Traits,_Alloc> &&,std::basic_string<_Elem,_Traits,_Alloc> &&)': не удалось вывести аргумент шаблон для 'std::basic_string<_Elem,_Traits,_Alloc> &&' из 'int'
  D:\CODING\visual studio\VC\Tools\MSVC\14.39.33519\include\xstring(4997,62):
  или       "std::basic_string<_Elem,_Traits,_Alloc> std::operator +(std::basic_string<_Elem,_Traits,_Alloc> &&,const std::basic_string<_Elem,_Traits,_Alloc> &)"
  	D:\CODING\mocha\c++\ribatskaya buhta\ribatskaya buhta\ribatskaya buhta.cpp(100,54):
  	'std::basic_string<_Elem,_Traits,_Alloc> std::operator +(std::basic_string<_Elem,_Traits,_Alloc> &&,const std::basic_string<_Elem,_Traits,_Alloc> &)': не удалось вывести аргумент шаблон для 'const std::basic_string<_Elem,_Traits,_Alloc> &' из 'int'
  D:\CODING\visual studio\VC\Tools\MSVC\14.39.33519\include\xstring(4991,62):
  или       "std::basic_string<_Elem,_Traits,_Alloc> std::operator +(const std::basic_string<_Elem,_Traits,_Alloc> &,std::basic_string<_Elem,_Traits,_Alloc> &&)"
  	D:\CODING\mocha\c++\ribatskaya buhta\ribatskaya buhta\ribatskaya buhta.cpp(100,54):
  	'std::basic_string<_Elem,_Traits,_Alloc> std::operator +(const std::basic_string<_Elem,_Traits,_Alloc> &,std::basic_string<_Elem,_Traits,_Alloc> &&)': не удалось вывести аргумент шаблон для 'std::basic_string<_Elem,_Traits,_Alloc> &&' из 'int'
  D:\CODING\visual studio\VC\Tools\MSVC\14.39.33519\include\xstring(4980,62):
  или       "std::basic_string<_Elem,_Traits,_Alloc> std::operator +(const std::basic_string<_Elem,_Traits,_Alloc> &,const _Elem)"
  	D:\CODING\mocha\c++\ribatskaya buhta\ribatskaya buhta\ribatskaya buhta.cpp(100,54):
  	"std::basic_string<_Elem,_Traits,_Alloc> std::operator +(const std::basic_string<_Elem,_Traits,_Alloc> &,const _Elem)": в шаблон параметр "_Elem" неоднозначен
  		D:\CODING\mocha\c++\ribatskaya buhta\ribatskaya buhta\ribatskaya buhta.cpp(100,54):
  		может быть "int"
  		D:\CODING\mocha\c++\ribatskaya buhta\ribatskaya buhta\ribatskaya buhta.cpp(100,54):
  		или       "char"
  	D:\CODING\mocha\c++\ribatskaya buhta\ribatskaya buhta\ribatskaya buhta.cpp(100,54):
  	'std::basic_string<_Elem,_Traits,_Alloc> std::operator +(const std::basic_string<_Elem,_Traits,_Alloc> &,const _Elem)': не удалось вывести аргумент шаблон для 'const _Elem' из 'int'
  D:\CODING\visual studio\VC\Tools\MSVC\14.39.33519\include\xstring(4967,62):
  или       "std::basic_string<_Elem,_Traits,_Alloc> std::operator +(const std::basic_string<_Elem,_Traits,_Alloc> &,const _Elem *const )"
  	D:\CODING\mocha\c++\ribatskaya buhta\ribatskaya buhta\ribatskaya buhta.cpp(100,54):
  	'std::basic_string<_Elem,_Traits,_Alloc> std::operator +(const std::basic_string<_Elem,_Traits,_Alloc> &,const _Elem *const )': не удалось вывести аргумент шаблон для 'const _Elem *const ' из 'int'
  D:\CODING\visual studio\VC\Tools\MSVC\14.39.33519\include\xstring(4956,62):
  или       "std::basic_string<_Elem,_Traits,_Alloc> std::operator +(const _Elem,const std::basic_string<_Elem,_Traits,_Alloc> &)"
  	D:\CODING\mocha\c++\ribatskaya buhta\ribatskaya buhta\ribatskaya buhta.cpp(100,54):
  	'std::basic_string<_Elem,_Traits,_Alloc> std::operator +(const _Elem,const std::basic_string<_Elem,_Traits,_Alloc> &)': не удалось вывести аргумент шаблон для 'const std::basic_string<_Elem,_Traits,_Alloc> &' из 'int'
  D:\CODING\visual studio\VC\Tools\MSVC\14.39.33519\include\xstring(4943,62):
  или       "std::basic_string<_Elem,_Traits,_Alloc> std::operator +(const _Elem *const ,const std::basic_string<_Elem,_Traits,_Alloc> &)"
  	D:\CODING\mocha\c++\ribatskaya buhta\ribatskaya buhta\ribatskaya buhta.cpp(100,54):
  	'std::basic_string<_Elem,_Traits,_Alloc> std::operator +(const _Elem *const ,const std::basic_string<_Elem,_Traits,_Alloc> &)': не удалось вывести аргумент шаблон для 'const _Elem *const ' из 'std::basic_string<char,std::char_traits<char>,std::allocator<char>>'
  D:\CODING\visual studio\VC\Tools\MSVC\14.39.33519\include\xstring(4931,62):
  или       "std::basic_string<_Elem,_Traits,_Alloc> std::operator +(const std::basic_string<_Elem,_Traits,_Alloc> &,const std::basic_string<_Elem,_Traits,_Alloc> &)"
  	D:\CODING\mocha\c++\ribatskaya buhta\ribatskaya buhta\ribatskaya buhta.cpp(100,54):
  	'std::basic_string<_Elem,_Traits,_Alloc> std::operator +(const std::basic_string<_Elem,_Traits,_Alloc> &,const std::basic_string<_Elem,_Traits,_Alloc> &)': не удалось вывести аргумент шаблон для 'const std::basic_string<_Elem,_Traits,_Alloc> &' из 'int'
  D:\CODING\visual studio\VC\Tools\MSVC\14.39.33519\include\xutility(4311,5):
  или       "std::move_iterator<_Iter> std::operator +(move_iterator<_Iter>::difference_type,const std::move_iterator<_Iter> &) noexcept(<expr>)"
  	D:\CODING\mocha\c++\ribatskaya buhta\ribatskaya buhta\ribatskaya buhta.cpp(100,54):
  	'std::move_iterator<_Iter> std::operator +(move_iterator<_Iter>::difference_type,const std::move_iterator<_Iter> &) noexcept(<expr>)': не удалось вывести аргумент шаблон для 'const std::move_iterator<_Iter> &' из 'int'
  D:\CODING\visual studio\VC\Tools\MSVC\14.39.33519\include\xutility(1792,50):
  или       "std::reverse_iterator<_BidIt> std::operator +(reverse_iterator<_BidIt>::difference_type,const std::reverse_iterator<_BidIt> &) noexcept(<expr>)"
  	D:\CODING\mocha\c++\ribatskaya buhta\ribatskaya buhta\ribatskaya buhta.cpp(100,54):
  	'std::reverse_iterator<_BidIt> std::operator +(reverse_iterator<_BidIt>::difference_type,const std::reverse_iterator<_BidIt> &) noexcept(<expr>)': не удалось вывести аргумент шаблон для 'const std::reverse_iterator<_BidIt> &' из 'int'
  
